[2025-12-26 09:56:54.078] [LOG] [Main_Process] 开机自启已开启
[2025-12-26 09:56:51.710] [INFO] [Main_Process] 应用启动开始 - Fri Dec 26 2025 09:56:51 GMT+0800 (GMT+08:00)
[2025-12-26 09:56:54.124] [INFO] [Main_Process] 应用启动完成，主窗口已创建 - Fri Dec 26 2025 09:56:54 GMT+0800 (GMT+08:00)
[2025-12-26 09:56:54.166] [LOG] [Main_Process] 配置加载成功: {"protocol":"HTTP","ip":"xjyfk.szpdc.vip","port":80,"timeout":30}
[2025-12-26 09:56:54.503] [LOG] [Main_Process] 前端请求获取存储数据：user.username
[2025-12-26 09:56:54.586] [LOG] [Main_Process] 前端请求获取存储数据：user.password
[2025-12-26 09:56:54.591] [LOG] [Main_Process] 前端请求获取存储数据：user.rememberPwd
[2025-12-26 09:56:55.843] [LOG] [Main_Process] 前端请求获取服务器配置
[2025-12-26 09:56:56.220] [LOG] [Main_Process] 存储数据：user.username = "admin"
[2025-12-26 09:56:56.235] [LOG] [Main_Process] 存储数据：user.password = "admin"
[2025-12-26 09:56:56.244] [LOG] [Main_Process] 存储数据：user.rememberPwd = true
[2025-12-26 09:56:56.260] [LOG] [Main_Process] 切换到主窗口
[2025-12-26 09:56:56.391] [LOG] [Main_Process] 配置加载成功: {"protocol":"HTTP","ip":"xjyfk.szpdc.vip","port":80,"timeout":30}
[2025-12-26 09:56:56.637] [LOG] [Main_Process] 前端请求获取存储数据：user.username
[2025-12-26 09:56:56.992] [LOG] [Main_Process] 已清理残留Python进程
[2025-12-26 09:56:57.010] [LOG] [Main_Process] 前端请求获取存储数据：user.password
[2025-12-26 09:56:56.992] [LOG] [Main_Process] Start Python:D:\WebStormProject\visitor_management\script\python\python.exe D:\WebStormProject\visitor_management\script\IDCard\idcard_reader.py
[2025-12-26 09:56:57.139] [LOG] [Main_Process] 前端请求获取存储数据：user.rememberPwd
[2025-12-26 09:56:57.135] [LOG] [Main_Process] 前端请求获取服务器配置
[2025-12-26 09:56:57.509] [LOG] [Main_Process] Python-log: {"type": "info", "timestamp": "2025-12-26 09:56:57", "content": "\u542f\u52a8\u6b63\u5e38\u8bfb\u5361\u5668\u6a21\u5f0f\uff08\u8bfb\u5361\u5668\u72ec\u7acb\u8f6e\u8be2\uff09"}
[2025-12-26 09:56:57.517] [LOG] [Main_Process] Python-log: {"type": "debug", "timestamp": "2025-12-26 09:56:57", "content": {"script_dir": "D:\\WebStormProject\\visitor_management\\script\\IDCard", "zp_bmp_path": "D:\\WebStormProject\\visitor_management\\script\\IDCard\\zp.bmp"}}
[2025-12-26 09:56:57.557] [LOG] [Main_Process] Python-log: {"type": "error", "timestamp": "2025-12-26 09:56:57", "content": "\u8bfb\u5361\u5668\u521d\u59cb\u5316\u5931\u8d25\uff08\u7aef\u53e3\uff1a1001\uff09\uff0cSDK\u8fd4\u56de\u7801\uff1a0"}
{"type": "fatal_error", "timestamp": "2025-12-26 09:56:57", "content": "\u8bfb\u5361\u5668\u521d\u59cb\u5316\u5931\u8d25\uff0c\u670d\u52a1\u542f\u52a8\u7ec8\u6b62"}
[2025-12-26 09:56:57.561] [LOG] [Main_Process] Python-log: {"type": "status", "timestamp": "2025-12-26 09:56:57", "content": "\u8bfb\u5361\u5668\u5df2\u5173\u95ed\uff0c\u4e34\u65f6\u6587\u4ef6\u6e05\u7406\u5b8c\u6210"}
{"type": "status", "timestamp": "2025-12-26 09:56:57", "content": "\u8bfb\u5361\u5668\u670d\u52a1\u5df2\u505c\u6b62\uff08\u8f6f\u4ef6\u9000\u51fa\uff09"}
[2025-12-26 09:56:57.606] [LOG] [Main_Process] Python server exited, code:0, signal:null
[2025-12-26 09:56:57.606] [WARN] [Main_Process] Python进程异常退出，5秒后重启...
[2025-12-26 09:56:58.007] [ERROR] [Main_Process] Socket连接失败：connect ECONNREFUSED 127.0.0.1:9999
[2025-12-26 09:56:58.007] [WARN] [Main_Process] Socket连接异常关闭，3秒后重试...
[2025-12-26 09:56:58.594] [LOG] [Main_Process] 用户操作：关闭串口
[2025-12-26 09:56:59.005] [WARN] [Main_Process] Socket连接异常关闭，3秒后重试...
[2025-12-26 09:56:59.005] [ERROR] [Main_Process] Socket连接失败：connect ECONNREFUSED 127.0.0.1:9999
[2025-12-26 09:57:01.008] [ERROR] [Main_Process] Socket连接失败：connect ECONNREFUSED 127.0.0.1:9999
[2025-12-26 09:57:01.009] [WARN] [Main_Process] Socket连接异常关闭，3秒后重试...
[2025-12-26 09:57:02.007] [WARN] [Main_Process] Socket连接异常关闭，3秒后重试...
[2025-12-26 09:57:02.006] [ERROR] [Main_Process] Socket连接失败：connect ECONNREFUSED 127.0.0.1:9999
[2025-12-26 09:57:02.860] [LOG] [Main_Process] 已清理残留Python进程
[2025-12-26 09:57:02.860] [LOG] [Main_Process] Start Python:D:\WebStormProject\visitor_management\script\python\python.exe D:\WebStormProject\visitor_management\script\IDCard\idcard_reader.py
[2025-12-26 09:57:02.949] [LOG] [Main_Process] Python-log: {"type": "info", "timestamp": "2025-12-26 09:57:02", "content": "\u542f\u52a8\u6b63\u5e38\u8bfb\u5361\u5668\u6a21\u5f0f\uff08\u8bfb\u5361\u5668\u72ec\u7acb\u8f6e\u8be2\uff09"}
[2025-12-26 09:57:02.955] [LOG] [Main_Process] Python-log: {"type": "debug", "timestamp": "2025-12-26 09:57:02", "content": {"script_dir": "D:\\WebStormProject\\visitor_management\\script\\IDCard", "zp_bmp_path": "D:\\WebStormProject\\visitor_management\\script\\IDCard\\zp.bmp"}}
[2025-12-26 09:57:02.986] [LOG] [Main_Process] Python-log: {"type": "error", "timestamp": "2025-12-26 09:57:02", "content": "\u8bfb\u5361\u5668\u521d\u59cb\u5316\u5931\u8d25\uff08\u7aef\u53e3\uff1a1001\uff09\uff0cSDK\u8fd4\u56de\u7801\uff1a0"}
{"type": "fatal_error", "timestamp": "2025-12-26 09:57:02", "content": "\u8bfb\u5361\u5668\u521d\u59cb\u5316\u5931\u8d25\uff0c\u670d\u52a1\u542f\u52a8\u7ec8\u6b62"}
[2025-12-26 09:57:02.989] [LOG] [Main_Process] Python-log: {"type": "status", "timestamp": "2025-12-26 09:57:02", "content": "\u8bfb\u5361\u5668\u5df2\u5173\u95ed\uff0c\u4e34\u65f6\u6587\u4ef6\u6e05\u7406\u5b8c\u6210"}
{"type": "status", "timestamp": "2025-12-26 09:57:02", "content": "\u8bfb\u5361\u5668\u670d\u52a1\u5df2\u505c\u6b62\uff08\u8f6f\u4ef6\u9000\u51fa\uff09"}
[2025-12-26 09:57:03.027] [LOG] [Main_Process] Python server exited, code:0, signal:null
[2025-12-26 09:57:03.027] [WARN] [Main_Process] Python进程异常退出，5秒后重启...
[2025-12-26 09:57:04.010] [WARN] [Main_Process] Socket连接异常关闭，3秒后重试...
[2025-12-26 09:57:04.010] [ERROR] [Main_Process] Socket连接失败：connect ECONNREFUSED 127.0.0.1:9999
[2025-12-26 09:57:04.867] [ERROR] [Main_Process] Socket连接失败：connect ECONNREFUSED 127.0.0.1:9999
[2025-12-26 09:57:04.867] [WARN] [Main_Process] Socket连接异常关闭，3秒后重试...
[2025-12-26 09:57:05.008] [WARN] [Main_Process] Socket连接异常关闭，3秒后重试...
[2025-12-26 09:57:05.007] [ERROR] [Main_Process] Socket连接失败：connect ECONNREFUSED 127.0.0.1:9999
[2025-12-26 09:57:07.010] [ERROR] [Main_Process] Socket连接失败：connect ECONNREFUSED 127.0.0.1:9999
[2025-12-26 09:57:07.011] [WARN] [Main_Process] Socket连接异常关闭，3秒后重试...
[2025-12-26 09:57:07.867] [ERROR] [Main_Process] Socket连接失败：connect ECONNREFUSED 127.0.0.1:9999
[2025-12-26 09:57:07.868] [WARN] [Main_Process] Socket连接异常关闭，3秒后重试...
[2025-12-26 09:57:08.009] [WARN] [Main_Process] Socket连接异常关闭，3秒后重试...
[2025-12-26 09:57:08.008] [ERROR] [Main_Process] Socket连接失败：connect ECONNREFUSED 127.0.0.1:9999
[2025-12-26 09:57:08.348] [LOG] [Main_Process] Start Python:D:\WebStormProject\visitor_management\script\python\python.exe D:\WebStormProject\visitor_management\script\IDCard\idcard_reader.py
[2025-12-26 09:57:08.348] [LOG] [Main_Process] 已清理残留Python进程
[2025-12-26 09:57:08.437] [LOG] [Main_Process] Python-log: {"type": "info", "timestamp": "2025-12-26 09:57:08", "content": "\u542f\u52a8\u6b63\u5e38\u8bfb\u5361\u5668\u6a21\u5f0f\uff08\u8bfb\u5361\u5668\u72ec\u7acb\u8f6e\u8be2\uff09"}
[2025-12-26 09:57:08.443] [LOG] [Main_Process] Python-log: {"type": "debug", "timestamp": "2025-12-26 09:57:08", "content": {"script_dir": "D:\\WebStormProject\\visitor_management\\script\\IDCard", "zp_bmp_path": "D:\\WebStormProject\\visitor_management\\script\\IDCard\\zp.bmp"}}
[2025-12-26 09:57:08.476] [LOG] [Main_Process] Python-log: {"type": "error", "timestamp": "2025-12-26 09:57:08", "content": "\u8bfb\u5361\u5668\u521d\u59cb\u5316\u5931\u8d25\uff08\u7aef\u53e3\uff1a1001\uff09\uff0cSDK\u8fd4\u56de\u7801\uff1a0"}
{"type": "fatal_error", "timestamp": "2025-12-26 09:57:08", "content": "\u8bfb\u5361\u5668\u521d\u59cb\u5316\u5931\u8d25\uff0c\u670d\u52a1\u542f\u52a8\u7ec8\u6b62"}
[2025-12-26 09:57:08.479] [LOG] [Main_Process] Python-log: {"type": "status", "timestamp": "2025-12-26 09:57:08", "content": "\u8bfb\u5361\u5668\u5df2\u5173\u95ed\uff0c\u4e34\u65f6\u6587\u4ef6\u6e05\u7406\u5b8c\u6210"}
{"type": "status", "timestamp": "2025-12-26 09:57:08", "content": "\u8bfb\u5361\u5668\u670d\u52a1\u5df2\u505c\u6b62\uff08\u8f6f\u4ef6\u9000\u51fa\uff09"}
[2025-12-26 09:57:08.515] [LOG] [Main_Process] Python server exited, code:0, signal:null
[2025-12-26 09:57:08.515] [WARN] [Main_Process] Python进程异常退出，5秒后重启...
[2025-12-26 09:57:10.011] [ERROR] [Main_Process] Socket连接失败：connect ECONNREFUSED 127.0.0.1:9999
[2025-12-26 09:57:10.012] [WARN] [Main_Process] Socket连接异常关闭，3秒后重试...
[2025-12-26 09:57:10.354] [WARN] [Main_Process] Socket连接异常关闭，3秒后重试...
[2025-12-26 09:57:10.353] [ERROR] [Main_Process] Socket连接失败：connect ECONNREFUSED 127.0.0.1:9999
[2025-12-26 09:57:10.868] [ERROR] [Main_Process] Socket连接失败：connect ECONNREFUSED 127.0.0.1:9999
[2025-12-26 09:57:10.868] [WARN] [Main_Process] Socket连接异常关闭，3秒后重试...
[2025-12-26 09:57:11.010] [ERROR] [Main_Process] Socket连接失败：connect ECONNREFUSED 127.0.0.1:9999
[2025-12-26 09:57:11.010] [WARN] [Main_Process] Socket连接异常关闭，3秒后重试...
[2025-12-26 09:57:13.014] [ERROR] [Main_Process] Socket连接失败：connect ECONNREFUSED 127.0.0.1:9999
[2025-12-26 09:57:13.014] [WARN] [Main_Process] Socket连接异常关闭，3秒后重试...
[2025-12-26 09:57:13.355] [WARN] [Main_Process] Socket连接异常关闭，3秒后重试...
[2025-12-26 09:57:13.355] [ERROR] [Main_Process] Socket连接失败：connect ECONNREFUSED 127.0.0.1:9999
[2025-12-26 09:57:13.961] [LOG] [Main_Process] 已清理残留Python进程
[2025-12-26 09:57:13.961] [LOG] [Main_Process] Start Python:D:\WebStormProject\visitor_management\script\python\python.exe D:\WebStormProject\visitor_management\script\IDCard\idcard_reader.py
[2025-12-26 09:57:13.969] [ERROR] [Main_Process] Socket连接失败：connect ECONNREFUSED 127.0.0.1:9999
[2025-12-26 09:57:13.970] [WARN] [Main_Process] Socket连接异常关闭，3秒后重试...
[2025-12-26 09:57:14.011] [ERROR] [Main_Process] Socket连接失败：connect ECONNREFUSED 127.0.0.1:9999
[2025-12-26 09:57:14.012] [WARN] [Main_Process] Socket连接异常关闭，3秒后重试...
[2025-12-26 09:57:14.068] [LOG] [Main_Process] Python-log: {"type": "info", "timestamp": "2025-12-26 09:57:14", "content": "\u542f\u52a8\u6b63\u5e38\u8bfb\u5361\u5668\u6a21\u5f0f\uff08\u8bfb\u5361\u5668\u72ec\u7acb\u8f6e\u8be2\uff09"}
[2025-12-26 09:57:14.074] [LOG] [Main_Process] Python-log: {"type": "debug", "timestamp": "2025-12-26 09:57:14", "content": {"script_dir": "D:\\WebStormProject\\visitor_management\\script\\IDCard", "zp_bmp_path": "D:\\WebStormProject\\visitor_management\\script\\IDCard\\zp.bmp"}}
[2025-12-26 09:57:14.110] [LOG] [Main_Process] Python-log: {"type": "error", "timestamp": "2025-12-26 09:57:14", "content": "\u8bfb\u5361\u5668\u521d\u59cb\u5316\u5931\u8d25\uff08\u7aef\u53e3\uff1a1001\uff09\uff0cSDK\u8fd4\u56de\u7801\uff1a0"}
{"type": "fatal_error", "timestamp": "2025-12-26 09:57:14", "content": "\u8bfb\u5361\u5668\u521d\u59cb\u5316\u5931\u8d25\uff0c\u670d\u52a1\u542f\u52a8\u7ec8\u6b62"}
[2025-12-26 09:57:14.115] [LOG] [Main_Process] Python-log: {"type": "status", "timestamp": "2025-12-26 09:57:14", "content": "\u8bfb\u5361\u5668\u5df2\u5173\u95ed\uff0c\u4e34\u65f6\u6587\u4ef6\u6e05\u7406\u5b8c\u6210"}
{"type": "status", "timestamp": "2025-12-26 09:57:14", "content": "\u8bfb\u5361\u5668\u670d\u52a1\u5df2\u505c\u6b62\uff08\u8f6f\u4ef6\u9000\u51fa\uff09"}
[2025-12-26 09:57:14.150] [LOG] [Main_Process] Python server exited, code:0, signal:null
[2025-12-26 09:57:14.150] [WARN] [Main_Process] Python进程异常退出，5秒后重启...
[2025-12-26 09:57:15.472] [LOG] [Main_Process] 用户请求关闭应用
[2025-12-26 09:57:15.472] [INFO] [Main_Process] 应用开始退出流程 - Fri Dec 26 2025 09:57:15 GMT+0800 (GMT+08:00)
[2025-12-26 09:57:15.499] [INFO] [Main_Process] 应用退出，退出码：0 - Fri Dec 26 2025 09:57:15 GMT+0800 (GMT+08:00)
